d:\27일 최종통합 v2.0.1디자인_오후3시경\스마트도서관리\x64\debug\vc143.pdb
d:\27일 최종통합 v2.0.1디자인_오후3시경\스마트도서관리\x64\debug\vc143.idb
d:\27일 최종통합 v2.0.1디자인_오후3시경\스마트도서관리\x64\debug\where_book.obj
d:\27일 최종통합 v2.0.1디자인_오후3시경\스마트도서관리\x64\debug\register.obj
d:\27일 최종통합 v2.0.1디자인_오후3시경\스마트도서관리\x64\debug\menu2.obj
d:\27일 최종통합 v2.0.1디자인_오후3시경\스마트도서관리\x64\debug\menu.obj
d:\27일 최종통합 v2.0.1디자인_오후3시경\스마트도서관리\x64\debug\main.obj
d:\27일 최종통합 v2.0.1디자인_오후3시경\스마트도서관리\x64\debug\loan_and_return.obj
d:\27일 최종통합 v2.0.1디자인_오후3시경\스마트도서관리\x64\debug\lib.obj
d:\27일 최종통합 v2.0.1디자인_오후3시경\스마트도서관리\x64\debug\cui.obj
d:\27일 최종통합 v2.0.1디자인_오후3시경\스마트도서관리\x64\debug\book_util.obj
d:\27일 최종통합 v2.0.1디자인_오후3시경\스마트도서관리\x64\debug\book_search.obj
d:\27일 최종통합 v2.0.1디자인_오후3시경\스마트도서관리\x64\debug\book_delete.obj
d:\27일 최종통합 v2.0.1디자인_오후3시경\x64\debug\스마트도서관리.exe
d:\27일 최종통합 v2.0.1디자인_오후3시경\스마트도서관리\x64\debug\스마트도서관리.ilk
d:\27일 최종통합 v2.0.1디자인_오후3시경\x64\debug\스마트도서관리.pdb
d:\27일 최종통합 v2.0.1디자인_오후3시경\스마트도서관리\x64\debug\스마트도서관리.tlog\cl.command.1.tlog
d:\27일 최종통합 v2.0.1디자인_오후3시경\스마트도서관리\x64\debug\스마트도서관리.tlog\cl.read.1.tlog
d:\27일 최종통합 v2.0.1디자인_오후3시경\스마트도서관리\x64\debug\스마트도서관리.tlog\cl.write.1.tlog
d:\27일 최종통합 v2.0.1디자인_오후3시경\스마트도서관리\x64\debug\스마트도서관리.tlog\link.command.1.tlog
d:\27일 최종통합 v2.0.1디자인_오후3시경\스마트도서관리\x64\debug\스마트도서관리.tlog\link.read.1.tlog
d:\27일 최종통합 v2.0.1디자인_오후3시경\스마트도서관리\x64\debug\스마트도서관리.tlog\link.write.1.tlog
